NextG_3G4G/MaterialDesign/build/outputs/logs/manifest-merger-debug-report.txt
-- Merging decision tree log ---
manifest
ADDED from NextG_3G4G/MaterialDesign/AndroidManifest.xml:1:1-10:12
INJECTED from NextG_3G4G/MaterialDesign/AndroidManifest.xml:1:1-10:12
INJECTED from NextG_3G4G/MaterialDesign/AndroidManifest.xml:1:1-10:12
INJECTED from NextG_3G4G/MaterialDesign/AndroidManifest.xml:1:1-10:12
INJECTED from NextG_3G4G/MaterialDesign/AndroidManifest.xml:1:1-10:12
INJECTED from NextG_3G4G/MaterialDesign/AndroidManifest.xml:1:1-10:12
INJECTED from NextG_3G4G/MaterialDesign/AndroidManifest.xml:1:1-10:12
	package
		ADDED from NextG_3G4G/MaterialDesign/AndroidManifest.xml:2:5-36
		INJECTED from NextG_3G4G/MaterialDesign/AndroidManifest.xml
		INJECTED from NextG_3G4G/MaterialDesign/AndroidManifest.xml
	android:versionName
		ADDED from NextG_3G4G/MaterialDesign/AndroidManifest.xml:4:5-30
		INJECTED from NextG_3G4G/MaterialDesign/AndroidManifest.xml
		INJECTED from NextG_3G4G/MaterialDesign/AndroidManifest.xml
	xmlns:android
		ADDED from NextG_3G4G/MaterialDesign/AndroidManifest.xml:1:11-69
	android:versionCode
		ADDED from NextG_3G4G/MaterialDesign/AndroidManifest.xml:3:5-28
		INJECTED from NextG_3G4G/MaterialDesign/AndroidManifest.xml
		INJECTED from NextG_3G4G/MaterialDesign/AndroidManifest.xml
uses-sdk
ADDED from NextG_3G4G/MaterialDesign/AndroidManifest.xml:6:5-43
	android:minSdkVersion
		ADDED from NextG_3G4G/MaterialDesign/AndroidManifest.xml:6:15-40
application
ADDED from NextG_3G4G/MaterialDesign/AndroidManifest.xml:8:5-47
	android:allowBackup
		ADDED from NextG_3G4G/MaterialDesign/AndroidManifest.xml:8:18-44